

================================================================
== Vivado HLS Report for 'obipm_packet_switcher'
================================================================
* Date:           Tue May 30 01:14:09 2017

* Version:        2016.4 (Build 1756540 on Mon Jan 23 19:31:01 MST 2017)
* Project:        SysC_try
* Solution:       solution1
* Product family: azynq
* Target device:  xa7z030fbg484-1i


================================================================
== Performance Estimates
================================================================
+ Timing (ns): 
    * Summary: 
    +--------+-------+----------+------------+
    |  Clock | Target| Estimated| Uncertainty|
    +--------+-------+----------+------------+
    |ap_clk  |  10.00|      7.00|        1.25|
    +--------+-------+----------+------------+

+ Latency (clock cycles): 
    * Summary: 
    +-----+-----+-----+-----+---------+
    |  Latency  |  Interval | Pipeline|
    | min | max | min | max |   Type  |
    +-----+-----+-----+-----+---------+
    |    0|    0|    0|    0|   none  |
    +-----+-----+-----+-----+---------+

    + Detail: 
        * Instance: 
        N/A

        * Loop: 
        N/A



================================================================
== Utilization Estimates
================================================================
* Summary: 
+-----------------+---------+-------+--------+-------+
|       Name      | BRAM_18K| DSP48E|   FF   |  LUT  |
+-----------------+---------+-------+--------+-------+
|DSP              |        -|      -|       -|      -|
|Expression       |        -|      -|       0|   1908|
|FIFO             |        -|      -|       -|      -|
|Instance         |        -|      -|       -|      -|
|Memory           |        -|      -|       -|      -|
|Multiplexer      |        -|      -|       -|    105|
|Register         |        -|      -|       -|      -|
+-----------------+---------+-------+--------+-------+
|Total            |        0|      0|       0|   2013|
+-----------------+---------+-------+--------+-------+
|Available        |      530|    400|  157200|  78600|
+-----------------+---------+-------+--------+-------+
|Utilization (%)  |        0|      0|       0|      2|
+-----------------+---------+-------+--------+-------+

+ Detail: 
    * Instance: 
    N/A

    * DSP48: 
    N/A

    * Memory: 
    N/A

    * FIFO: 
    N/A

    * Expression: 
    +-----------------------+----------+-------+---+-----+------------+------------+
    |     Variable Name     | Operation| DSP48E| FF| LUT | Bitwidth P0| Bitwidth P1|
    +-----------------------+----------+-------+---+-----+------------+------------+
    |Lo_assign_1_fu_552_p2  |     -    |      0|  0|    7|           7|           7|
    |tmp_17_fu_431_p2       |     -    |      0|  0|    7|           7|           7|
    |tmp_21_fu_461_p2       |     -    |      0|  0|    7|           7|           7|
    |tmp_34_fu_578_p2       |     -    |      0|  0|    5|           3|           5|
    |tmp_3_fu_342_p2        |     -    |      0|  0|    7|           7|           7|
    |tmp_4_fu_348_p2        |     -    |      0|  0|    7|           7|           7|
    |tmp_5_fu_354_p2        |     -    |      0|  0|    7|           7|           7|
    |tmp_9_fu_384_p2        |     -    |      0|  0|    7|           7|           7|
    |p_Result_1_fu_521_p2   |    and   |      0|  0|  104|          80|          80|
    |p_Result_s_fu_410_p2   |    and   |      0|  0|  104|          80|          80|
    |p_demorgan_fu_515_p2   |    and   |      0|  0|  104|          80|          80|
    |tmp_16_fu_425_p2       |   icmp   |      0|  0|    3|           7|           7|
    |tmp_1_fu_326_p2        |   icmp   |      0|  0|    3|           7|           7|
    |tmp_31_fu_558_p2       |   icmp   |      0|  0|    3|           7|           4|
    |tmp_12_fu_398_p2       |   lshr   |      0|  0|  242|          80|          80|
    |tmp_13_fu_404_p2       |   lshr   |      0|  0|  242|           2|          80|
    |tmp_29_fu_509_p2       |   lshr   |      0|  0|  242|           2|          80|
    |tmp_38_fu_604_p2       |   lshr   |      0|  0|   85|          30|          30|
    |Hi_assign_fu_320_p2    |    or    |      0|  0|    8|           7|           4|
    |tmp_18_fu_437_p3       |  select  |      0|  0|    7|           1|           7|
    |tmp_19_fu_445_p3       |  select  |      0|  0|    7|           1|           7|
    |tmp_20_fu_453_p3       |  select  |      0|  0|    7|           1|           7|
    |tmp_27_fu_495_p3       |  select  |      0|  0|   80|           1|          80|
    |tmp_35_fu_584_p3       |  select  |      0|  0|   30|           1|          30|
    |tmp_36_fu_592_p3       |  select  |      0|  0|    5|           1|           5|
    |tmp_6_fu_360_p3        |  select  |      0|  0|    7|           1|           7|
    |tmp_7_fu_368_p3        |  select  |      0|  0|   80|           1|          80|
    |tmp_8_fu_376_p3        |  select  |      0|  0|    7|           1|           7|
    |tmp_25_fu_479_p2       |    shl   |      0|  0|  242|          80|          80|
    |tmp_28_fu_503_p2       |    shl   |      0|  0|  242|           2|          80|
    +-----------------------+----------+-------+---+-----+------------+------------+
    |Total                  |          |      0|  0| 1908|         525|         976|
    +-----------------------+----------+-------+---+-----+------------+------------+

    * Multiplexer: 
    +------------------+----+-----------+-----+-----------+
    |       Name       | LUT| Input Size| Bits| Total Bits|
    +------------------+----+-----------+-----+-----------+
    |address_b         |   6|          3|    6|         18|
    |data_b_out        |  16|          3|   16|         48|
    |data_ip_out       |  80|          3|   80|        240|
    |generic_enable_b  |   1|          4|    1|          4|
    |r_enable_b        |   1|          3|    1|          3|
    |w_enable_b        |   1|          4|    1|          4|
    +------------------+----+-----------+-----+-----------+
    |Total             | 105|         20|  105|        317|
    +------------------+----+-----------+-----+-----------+

    * Register: 
    N/A



================================================================
== Interface
================================================================
* Summary: 
+-------------------------+-----+-----+---------+--------------------+---------+
|        RTL Ports        | Dir | Bits| Protocol|    Source Object   |  C Type |
+-------------------------+-----+-----+---------+--------------------+---------+
|data_b_in                |  in |   16| ap_none |      data_b_in     | pointer |
|data_b_out               | out |   16|  ap_vld |     data_b_out     | pointer |
|data_b_out_ap_vld        | out |    1|  ap_vld |     data_b_out     | pointer |
|address_b                | out |    6|  ap_vld |      address_b     | pointer |
|address_b_ap_vld         | out |    1|  ap_vld |      address_b     | pointer |
|w_enable_b               | out |    1|  ap_vld |     w_enable_b     | pointer |
|w_enable_b_ap_vld        | out |    1|  ap_vld |     w_enable_b     | pointer |
|r_enable_b               | out |    1|  ap_vld |     r_enable_b     | pointer |
|r_enable_b_ap_vld        | out |    1|  ap_vld |     r_enable_b     | pointer |
|generic_enable_b         | out |    1|  ap_vld |  generic_enable_b  | pointer |
|generic_enable_b_ap_vld  | out |    1|  ap_vld |  generic_enable_b  | pointer |
|data_ip_in               |  in |   80| ap_none |     data_ip_in     | pointer |
|data_ip_out              | out |   80|  ap_vld |     data_ip_out    | pointer |
|data_ip_out_ap_vld       | out |    1|  ap_vld |     data_ip_out    | pointer |
|address_ip               |  in |   30| ap_none |     address_ip     | pointer |
|w_enable_ip              |  in |    5| ap_none |     w_enable_ip    | pointer |
|r_enable_ip              |  in |    5| ap_none |     r_enable_ip    | pointer |
|generic_enable_ip        |  in |    5| ap_none |  generic_enable_ip | pointer |
|transaction_r            |  in |    1| ap_none |    transaction_r   | pointer |
|index_ip                 |  in |    3| ap_none |      index_ip      | pointer |
|interrupt_internal       |  in |    1| ap_none | interrupt_internal | pointer |
|index_interrupt          |  in |   32| ap_none |   index_interrupt  | pointer |
+-------------------------+-----+-----+---------+--------------------+---------+

